<?xml version="1.0" encoding="UTF-8"?>
<testng-results ignored="0" total="2" passed="2" failed="0" skipped="0">
  <reporter-output>
  </reporter-output>
  <suite started-at="2023-01-27T17:56:55 IST" name="Default suite" finished-at="2023-01-27T17:56:59 IST" duration-ms="3817">
    <groups>
    </groups>
    <test started-at="2023-01-27T17:56:55 IST" name="Default test" finished-at="2023-01-27T17:56:59 IST" duration-ms="3817">
      <class name="DemoRestAssured.GetId">
        <test-method signature="post_id()[pri:1, instance:DemoRestAssured.GetId@4a883b15]" started-at="2023-01-27T17:56:55 IST" name="post_id" finished-at="2023-01-27T17:56:58 IST" duration-ms="3007" status="PASS">
          <reporter-output>
          </reporter-output>
        </test-method> <!-- post_id -->
        <test-method signature="Updateuser()[pri:2, instance:DemoRestAssured.GetId@4a883b15]" started-at="2023-01-27T17:56:58 IST" name="Updateuser" finished-at="2023-01-27T17:56:59 IST" depends-on-methods="DemoRestAssured.GetId.post_id" duration-ms="758" status="PASS">
          <reporter-output>
          </reporter-output>
        </test-method> <!-- Updateuser -->
      </class> <!-- DemoRestAssured.GetId -->
    </test> <!-- Default test -->
  </suite> <!-- Default suite -->
</testng-results>
